Booting at Mon Dec 14 13:17:24 CST 2015
Shutting down at Mon Dec 14 15:30:00 CST 2015
Booting at Tue Dec 15 07:45:01 CST 2015
Booting at Tue Dec 15 09:44:24 CST 2015
Booting at Tue Dec 15 10:51:38 CST 2015
Booting at Tue Dec 15 11:02:12 CST 2015
Booting at Tue Dec 15 15:30:04 CST 2015
Booting at Thu Dec 17 07:45:01 CST 2015
Booting at Thu Dec 17 07:48:22 CST 2015
Booting at Fri Dec 18 07:45:02 CST 2015
Booting at Fri Dec 18 08:07:19 CST 2015
Booting at Mon Dec 21 07:45:04 CST 2015
Booting at Mon Dec 21 08:14:18 CST 2015
Booting at Mon Dec 21 10:00:00 CST 2015
Booting at Tue Dec 22 07:45:01 CST 2015
Booting at Tue Dec 22 08:05:12 CST 2015
Booting at Wed Dec 23 07:45:04 CST 2015
Booting at Thu Dec 24 07:45:00 CST 2015
Booting at Fri Dec 25 07:45:00 CST 2015
Booting at Mon Dec 28 07:45:00 CST 2015
Booting at Tue Dec 29 07:45:00 CST 2015
Booting at Wed Dec 30 07:45:00 CST 2015
Booting at Thu Dec 31 07:45:00 CST 2015
Booting at Fri Jan 1 07:45:00 CST 2016
Booting at Mon Jan 4 07:45:00 CST 2016
Booting at Tue Jan 5 07:45:00 CST 2016
Booting at Tue Jan 5 09:53:22 CST 2016
Booting at Tue Jan 5 09:56:33 CST 2016
Booting at Tue Jan 5 09:59:31 CST 2016
Booting at Wed Jan 6 07:45:01 CST 2016
Booting at Wed Jan 6 08:10:02 CST 2016
Booting at Wed Jan 6 15:30:03 CST 2016
Booting at Thu Jan 7 08:03:16 CST 2016
Booting at Thu Jan 7 08:09:26 CST 2016
Booting at Thu Jan 7 08:14:27 CST 2016
Booting at Thu Jan 7 08:15:40 CST 2016
Booting at Thu Jan 7 09:58:12 CST 2016
Booting at Fri Jan 8 07:45:01 CST 2016
Booting at Mon Jan 11 08:16:47 CST 2016
Booting at Tue Jan 12 08:13:37 CST 2016
Booting at Wed Jan 13 08:08:29 CST 2016
Booting at Wed Jan 13 09:39:55 CST 2016
Booting at Thu Jan 14 10:15:40 CST 2016
Booting at Thu Jan 14 11:03:34 CST 2016
Booting at Fri Jan 15 08:10:49 CST 2016
Booting at Fri Jan 15 09:58:22 CST 2016
Booting at Wed Dec 31 18:00:22 CST 1969
Booting at Mon Jan 18 16:33:51 CST 2016
Booting at Mon Jan 18 16:39:35 CST 2016
Booting at Mon Jan 18 16:59:39 CST 2016
Booting at Mon Jan 18 17:07:35 CST 2016
Booting at Mon Jan 18 17:08:32 CST 2016
Booting at Mon Jan 18 17:12:07 CST 2016
Booting at Mon Jan 18 17:18:02 CST 2016
Booting at Mon Jan 18 17:32:23 CST 2016
Booting at Wed Dec 31 18:00:12 CST 1969
Booting at Tue Jan 19 10:59:30 CST 2016
Booting at Wed Jan 20 07:45:03 CST 2016
Booting at Wed Jan 20 09:54:47 CST 2016
Booting at Thu Jan 21 07:45:01 CST 2016
Booting at Thu Jan 21 12:55:30 CST 2016
Booting at Fri Jan 22 07:45:01 CST 2016
Booting at Mon Jan 25 07:45:01 CST 2016
Booting at Tue Jan 26 07:44:56 CST 2016
Booting at Wed Jan 27 07:44:58 CST 2016
Booting at Thu Jan 28 07:45:03 CST 2016
Booting at Thu Jan 28 08:27:41 CST 2016
Booting at Thu Jan 28 08:32:29 CST 2016
Booting at Thu Jan 28 09:43:48 CST 2016
Booting at Thu Jan 28 12:52:34 CST 2016
Booting at Fri Jan 29 07:45:02 CST 2016
Booting at Fri Jan 29 08:27:50 CST 2016
Booting at Mon Feb 1 07:45:02 CST 2016
Booting at Mon Feb 1 15:30:03 CST 2016
Booting at Tue Feb 2 09:51:30 CST 2016
Booting at Wed Feb 3 07:45:01 CST 2016
Booting at Thu Feb 4 07:45:01 CST 2016
Booting at Thu Feb 4 09:47:19 CST 2016
Booting at Fri Feb 5 07:45:01 CST 2016
Booting at Wed Dec 31 18:00:18 CST 1969
Booting at Wed Dec 31 18:00:21 CST 1969
Booting at Wed Dec 31 18:00:17 CST 1969
Booting at Wed Dec 31 18:00:16 CST 1969
Booting at Mon Feb 8 19:25:51 CST 2016
Booting at Wed Dec 31 18:00:24 CST 1969
Booting at Mon Feb 8 19:29:23 CST 2016
Booting at Wed Dec 31 18:00:18 CST 1969
Booting at Wed Dec 31 18:16:16 CST 1969
Booting at Mon Feb 8 20:09:38 CST 2016
Booting at Wed Dec 31 18:00:19 CST 1969
Booting at Mon Feb 8 20:14:12 CST 2016
Booting at Mon Feb 8 20:14:20 CST 2016
Booting at Mon Feb 8 20:55:26 CST 2016
Booting at Mon Feb 8 20:56:18 CST 2016
Booting at Mon Feb 8 21:13:35 CST 2016
Booting at Mon Feb 8 21:39:40 CST 2016
Booting at Mon Feb 8 21:44:53 CST 2016
Booting at Tue Feb 9 07:56:15 CST 2016
Booting at Tue Feb 9 08:45:24 CST 2016
Booting at Tue Feb 9 15:30:06 CST 2016
Booting at Thu Feb 11 07:44:59 CST 2016
Booting at Wed Dec 31 18:00:22 CST 1969
Booting at Sun Feb 14 21:19:37 CST 2016
Booting at Wed Dec 31 18:00:23 CST 1969
Booting at Sun Feb 14 21:37:46 CST 2016
Booting at Sun Feb 14 21:38:27 CST 2016
Booting at Sun Feb 14 21:55:14 CST 2016
Booting at Sun Feb 14 21:57:18 CST 2016
Booting at Sun Feb 14 22:01:15 CST 2016
Booting at Wed Dec 31 18:00:20 CST 1969
Booting at Wed Feb 17 05:04:25 CST 2016
Booting at Wed Feb 17 11:33:29 CST 2016
Booting at Wed Feb 17 12:02:27 CST 2016
Booting at Wed Feb 17 15:30:05 CST 2016
Booting at Thu Feb 18 08:46:53 CST 2016
Booting at Thu Feb 18 08:51:16 CST 2016
Booting at Thu Feb 18 09:04:19 CST 2016
Booting at Fri Feb 19 07:45:01 CST 2016
Booting at Mon Feb 22 07:45:01 CST 2016
Booting at Tue Feb 23 07:44:58 CST 2016
Booting at Wed Feb 24 07:44:56 CST 2016
Booting at Thu Feb 25 07:44:58 CST 2016
Booting at Fri Feb 26 07:45:02 CST 2016
Booting at Mon Feb 29 07:45:01 CST 2016
Booting at Tue Mar 1 07:44:52 CST 2016
Booting at Wed Mar 2 07:44:59 CST 2016
Booting at Thu Mar 3 07:45:00 CST 2016
Booting at Fri Mar 4 07:45:00 CST 2016
Booting at Mon Mar 7 07:45:00 CST 2016
Booting at Tue Mar 8 07:44:58 CST 2016
Booting at Wed Mar 9 07:44:57 CST 2016
Booting at Thu Mar 10 07:44:58 CST 2016
Booting at Fri Mar 11 07:44:56 CST 2016
Booting at Mon Mar 14 07:45:00 CDT 2016
Booting at Mon Mar 14 11:49:45 CDT 2016
Booting at Tue Mar 15 07:45:00 CDT 2016
Booting at Wed Mar 16 07:44:59 CDT 2016
Booting at Thu Mar 17 07:44:59 CDT 2016
Booting at Fri Mar 18 07:44:58 CDT 2016
Booting at Wed Dec 31 18:00:14 CST 1969
Booting at Fri Mar 18 12:41:13 CDT 2016
Booting at Mon Mar 21 07:45:31 CDT 2016
Booting at Tue Mar 22 07:45:37 CDT 2016
Booting at Wed Mar 23 07:45:28 CDT 2016
Booting at Fri Mar 25 07:45:09 CDT 2016
Booting at Wed Dec 31 18:00:15 CST 1969
Booting at Fri Mar 25 23:30:33 CDT 2016
Booting at Sat Mar 26 15:30:34 CDT 2016
Booting at Mon Mar 28 07:45:29 CDT 2016
Booting at Mon Mar 28 15:30:38 CDT 2016
Booting at Wed Mar 30 07:45:29 CDT 2016
Booting at Thu Mar 31 07:45:31 CDT 2016
Booting at Fri Apr 1 07:45:31 CDT 2016
Booting at Mon Apr 4 07:45:32 CDT 2016
Booting at Tue Apr 5 07:45:21 CDT 2016
Booting at Wed Apr 6 07:45:29 CDT 2016
Booting at Thu Apr 7 07:45:29 CDT 2016
Booting at Thu Apr 7 15:30:32 CDT 2016
Booting at Fri Apr 8 08:03:34 CDT 2016
Booting at Fri Apr 8 08:07:05 CDT 2016
Booting at Fri Apr 8 15:30:31 CDT 2016
Booting at Mon Apr 11 07:45:37 CDT 2016
Booting at Wed Apr 13 09:35:50 CDT 2016
Booting at Wed Apr 13 15:30:37 CDT 2016
Booting at Fri Apr 15 07:45:29 CDT 2016
Booting at Mon Apr 18 07:45:27 CDT 2016
Booting at Mon Apr 18 09:01:56 CDT 2016
Booting at Tue Apr 19 07:45:35 CDT 2016
Booting at Wed Apr 20 07:45:30 CDT 2016
Booting at Thu Apr 21 07:45:29 CDT 2016
Booting at Fri Apr 22 07:45:31 CDT 2016
Booting at Mon Apr 25 07:45:28 CDT 2016
Booting at Mon Apr 25 15:30:32 CDT 2016
Booting at Tue Apr 26 08:05:05 CDT 2016
Booting at Wed Apr 27 07:45:27 CDT 2016
